-------- Plugin Loading Log ------------

Loading from root path: /Applications/Adobe After Effects CC 2015/Adobe After Effects CC 2015.app/Contents/Plug-ins/(MediaCore)/
Scanning for the following file types: *.bundle, *.plugin, *.prmp, *.vst

Scanning /Applications/Adobe After Effects CC 2015/Adobe After Effects CC 2015.app/Contents/Plug-ins/(MediaCore)/ and sub-directories

Loading /Applications/Adobe After Effects CC 2015/Adobe After Effects CC 2015.app/Contents/Plug-Ins/(MediaCore)/ExporterAIFF.bundle
The registry tells us to cache so the plugin will be loaded from the cache.
The plugin is marked as Ignore, so it will not be loaded.

Loading /Applications/Adobe After Effects CC 2015/Adobe After Effects CC 2015.app/Contents/Plug-Ins/(MediaCore)/ExporterCoreAudio.bundle
The registry tells us to cache so the plugin will be loaded from the cache.
The plugin is marked as Ignore, so it will not be loaded.

Loading /Applications/Adobe After Effects CC 2015/Adobe After Effects CC 2015.app/Contents/Plug-Ins/(MediaCore)/ExporterMP3.bundle
The registry tells us to cache so the plugin will be loaded from the cache.
The plugin is marked as Ignore, so it will not be loaded.

Loading /Applications/Adobe After Effects CC 2015/Adobe After Effects CC 2015.app/Contents/Plug-Ins/(MediaCore)/ExporterQuickTimeHost.bundle
The registry tells us to cache so the plugin will be loaded from the cache.
The plugin is marked as Ignore, so it will not be loaded.

Loading /Applications/Adobe After Effects CC 2015/Adobe After Effects CC 2015.app/Contents/Plug-Ins/(MediaCore)/ImporterAiff.bundle
The registry tells us to cache so the plugin will be loaded from the cache.
Loading from the registry...
The plugin was successfully loaded from the registry.

Loading /Applications/Adobe After Effects CC 2015/Adobe After Effects CC 2015.app/Contents/Plug-Ins/(MediaCore)/ImporterASND.bundle
The registry tells us to cache so the plugin will be loaded from the cache.
Loading from the registry...
The plugin was successfully loaded from the registry.

Loading /Applications/Adobe After Effects CC 2015/Adobe After Effects CC 2015.app/Contents/Plug-Ins/(MediaCore)/ImporterDPX.bundle
The registry tells us to cache so the plugin will be loaded from the cache.
Loading from the registry...
The plugin was successfully loaded from the registry.

Loading /Applications/Adobe After Effects CC 2015/Adobe After Effects CC 2015.app/Contents/Plug-Ins/(MediaCore)/ImporterF65.bundle
The registry tells us to cache so the plugin will be loaded from the cache.
Loading from the registry...
The plugin has a PiPL.
The plugin was successfully loaded from the registry.

Loading /Applications/Adobe After Effects CC 2015/Adobe After Effects CC 2015.app/Contents/Plug-Ins/(MediaCore)/ImporterFastMPEG.bundle
The registry tells us to cache so the plugin will be loaded from the cache.
Loading from the registry...
The plugin was successfully loaded from the registry.

Loading /Applications/Adobe After Effects CC 2015/Adobe After Effects CC 2015.app/Contents/Plug-Ins/(MediaCore)/ImporterFlash.bundle
The registry tells us to cache so the plugin will be loaded from the cache.
Loading from the registry...
The plugin was successfully loaded from the registry.

Loading /Applications/Adobe After Effects CC 2015/Adobe After Effects CC 2015.app/Contents/Plug-Ins/(MediaCore)/ImporterFLV.bundle
The registry tells us to cache so the plugin will be loaded from the cache.
Loading from the registry...
The plugin was successfully loaded from the registry.

Loading /Applications/Adobe After Effects CC 2015/Adobe After Effects CC 2015.app/Contents/Plug-Ins/(MediaCore)/ImporterIllustratorAE.bundle
The registry tells us not to cache so the plugin will be loaded from disk.
Loading from disk...
This plugin was recognized by loader ba1058cd-0007-44e4-bf1a-0ef51307b979.

Loading /Applications/Adobe After Effects CC 2015/Adobe After Effects CC 2015.app/Contents/Plug-Ins/(MediaCore)/ImporterJPEG.bundle
The registry tells us to cache so the plugin will be loaded from the cache.
Loading from the registry...
The plugin was successfully loaded from the registry.

Loading /Applications/Adobe After Effects CC 2015/Adobe After Effects CC 2015.app/Contents/Plug-Ins/(MediaCore)/ImporterMP3.bundle
The registry tells us to cache so the plugin will be loaded from the cache.
Loading from the registry...
The plugin was successfully loaded from the registry.

Loading /Applications/Adobe After Effects CC 2015/Adobe After Effects CC 2015.app/Contents/Plug-Ins/(MediaCore)/ImporterMPEG.bundle
The registry tells us to cache so the plugin will be loaded from the cache.
Loading from the registry...
The plugin was successfully loaded from the registry.

Loading /Applications/Adobe After Effects CC 2015/Adobe After Effects CC 2015.app/Contents/Plug-Ins/(MediaCore)/ImporterMXF.bundle
The registry tells us to cache so the plugin will be loaded from the cache.
Loading from the registry...
The plugin was successfully loaded from the registry.

Loading /Applications/Adobe After Effects CC 2015/Adobe After Effects CC 2015.app/Contents/Plug-Ins/(MediaCore)/ImporterPhotoshopAE.bundle
The registry tells us not to cache so the plugin will be loaded from disk.
Loading from disk...
This plugin was recognized by loader ba1058cd-0007-44e4-bf1a-0ef51307b979.

Loading /Applications/Adobe After Effects CC 2015/Adobe After Effects CC 2015.app/Contents/Plug-Ins/(MediaCore)/ImporterPNG.bundle
The registry tells us to cache so the plugin will be loaded from the cache.
Loading from the registry...
The plugin was successfully loaded from the registry.

Loading /Applications/Adobe After Effects CC 2015/Adobe After Effects CC 2015.app/Contents/Plug-Ins/(MediaCore)/ImporterQuickTime.bundle
The registry tells us not to cache so the plugin will be loaded from disk.
Loading from disk...
This plugin was recognized by loader ba1058cd-0007-44e4-bf1a-0ef51307b979.

Loading /Applications/Adobe After Effects CC 2015/Adobe After Effects CC 2015.app/Contents/Plug-Ins/(MediaCore)/ImporterRED.bundle
The registry tells us to cache so the plugin will be loaded from the cache.
Loading from the registry...
The plugin has a PiPL.
The plugin was successfully loaded from the registry.

Loading /Applications/Adobe After Effects CC 2015/Adobe After Effects CC 2015.app/Contents/Plug-Ins/(MediaCore)/ImporterTarga.bundle
The registry tells us to cache so the plugin will be loaded from the cache.
Loading from the registry...
The plugin was successfully loaded from the registry.

Loading /Applications/Adobe After Effects CC 2015/Adobe After Effects CC 2015.app/Contents/Plug-Ins/(MediaCore)/ImporterTiff.bundle
The registry tells us to cache so the plugin will be loaded from the cache.
Loading from the registry...
The plugin was successfully loaded from the registry.

Loading /Applications/Adobe After Effects CC 2015/Adobe After Effects CC 2015.app/Contents/Plug-Ins/(MediaCore)/ImporterWave.bundle
The registry tells us to cache so the plugin will be loaded from the cache.
Loading from the registry...
The plugin was successfully loaded from the registry.

Loading /Applications/Adobe After Effects CC 2015/Adobe After Effects CC 2015.app/Contents/Plug-Ins/(MediaCore)/ImporterXDCAMEX.bundle
The registry tells us to cache so the plugin will be loaded from the cache.
Loading from the registry...
The plugin was successfully loaded from the registry.

Loading /Applications/Adobe After Effects CC 2015/Adobe After Effects CC 2015.app/Contents/Plug-Ins/(MediaCore)/TransmitDesktopAudio.bundle
The registry tells us to cache so the plugin will be loaded from the cache.
Loading from the registry...
The plugin was successfully loaded from the registry.

Loading /Applications/Adobe After Effects CC 2015/Adobe After Effects CC 2015.app/Contents/Plug-Ins/(MediaCore)/TransmitDV.bundle
The registry tells us to cache so the plugin will be loaded from the cache.
Loading from the registry...
The plugin was successfully loaded from the registry.

Loading /Applications/Adobe After Effects CC 2015/Adobe After Effects CC 2015.app/Contents/Plug-Ins/(MediaCore)/TransmitFullScreen.bundle
The registry tells us to cache so the plugin will be loaded from the cache.
Loading from the registry...
The plugin was successfully loaded from the registry.

Loading from root path: /Library/Application Support/Adobe/Common/Plug-ins/7.0/MediaCore
Scanning for the following file types: *.bundle, *.plugin, *.prmp, *.vst

Scanning /Library/Application Support/Adobe/Common/Plug-ins/7.0/MediaCore and sub-directories

