-------- Plugin Loading Log ------------

Loading from root path: /Applications/Adobe After Effects CC 2015/Adobe After Effects CC 2015.app/Contents/Plug-ins/(MediaCore)/
Scanning for the following file types: *.bundle, *.plugin, *.prmp, *.vst

Scanning /Applications/Adobe After Effects CC 2015/Adobe After Effects CC 2015.app/Contents/Plug-ins/(MediaCore)/ and sub-directories

Loading /Applications/Adobe After Effects CC 2015/Adobe After Effects CC 2015.app/Contents/Plug-Ins/(MediaCore)/ExporterAIFF.bundle
The modification date has changed so the plugin will be loaded from disk.
Loading from disk...
This plugin was recognized by loader d3092dcf-904a-4a97-b4ca-66aed7540d57.

Loading /Applications/Adobe After Effects CC 2015/Adobe After Effects CC 2015.app/Contents/Plug-Ins/(MediaCore)/ExporterCoreAudio.bundle
The modification date has changed so the plugin will be loaded from disk.
Loading from disk...
This plugin was recognized by loader d3092dcf-904a-4a97-b4ca-66aed7540d57.

Loading /Applications/Adobe After Effects CC 2015/Adobe After Effects CC 2015.app/Contents/Plug-Ins/(MediaCore)/ExporterMP3.bundle
The modification date has changed so the plugin will be loaded from disk.
Loading from disk...
This plugin was recognized by loader d3092dcf-904a-4a97-b4ca-66aed7540d57.

Loading /Applications/Adobe After Effects CC 2015/Adobe After Effects CC 2015.app/Contents/Plug-Ins/(MediaCore)/ExporterQuickTimeHost.bundle
The modification date has changed so the plugin will be loaded from disk.
Loading from disk...
This plugin was recognized by loader d3092dcf-904a-4a97-b4ca-66aed7540d57.

Loading /Applications/Adobe After Effects CC 2015/Adobe After Effects CC 2015.app/Contents/Plug-Ins/(MediaCore)/ImporterAiff.bundle
The modification date has changed so the plugin will be loaded from disk.
Loading from disk...
This plugin was recognized by loader ba1058cd-0007-44e4-bf1a-0ef51307b979.

Loading /Applications/Adobe After Effects CC 2015/Adobe After Effects CC 2015.app/Contents/Plug-Ins/(MediaCore)/ImporterASND.bundle
The modification date has changed so the plugin will be loaded from disk.
Loading from disk...
This plugin was recognized by loader ba1058cd-0007-44e4-bf1a-0ef51307b979.

Loading /Applications/Adobe After Effects CC 2015/Adobe After Effects CC 2015.app/Contents/Plug-Ins/(MediaCore)/ImporterDPX.bundle
The modification date has changed so the plugin will be loaded from disk.
Loading from disk...
This plugin was recognized by loader ba1058cd-0007-44e4-bf1a-0ef51307b979.

Loading /Applications/Adobe After Effects CC 2015/Adobe After Effects CC 2015.app/Contents/Plug-Ins/(MediaCore)/ImporterF65.bundle
The modification date has changed so the plugin will be loaded from disk.
Loading from disk...
This plugin was recognized by loader ba1058cd-0007-44e4-bf1a-0ef51307b979.

Loading /Applications/Adobe After Effects CC 2015/Adobe After Effects CC 2015.app/Contents/Plug-Ins/(MediaCore)/ImporterFastMPEG.bundle
The modification date has changed so the plugin will be loaded from disk.
Loading from disk...
This plugin was recognized by loader ba1058cd-0007-44e4-bf1a-0ef51307b979.

Loading /Applications/Adobe After Effects CC 2015/Adobe After Effects CC 2015.app/Contents/Plug-Ins/(MediaCore)/ImporterFlash.bundle
The modification date has changed so the plugin will be loaded from disk.
Loading from disk...
This plugin was recognized by loader ba1058cd-0007-44e4-bf1a-0ef51307b979.

Loading /Applications/Adobe After Effects CC 2015/Adobe After Effects CC 2015.app/Contents/Plug-Ins/(MediaCore)/ImporterFLV.bundle
The modification date has changed so the plugin will be loaded from disk.
Loading from disk...
This plugin was recognized by loader ba1058cd-0007-44e4-bf1a-0ef51307b979.

Loading /Applications/Adobe After Effects CC 2015/Adobe After Effects CC 2015.app/Contents/Plug-Ins/(MediaCore)/ImporterIllustratorAE.bundle
The modification date has changed so the plugin will be loaded from disk.
Loading from disk...
This plugin was recognized by loader ba1058cd-0007-44e4-bf1a-0ef51307b979.

Loading /Applications/Adobe After Effects CC 2015/Adobe After Effects CC 2015.app/Contents/Plug-Ins/(MediaCore)/ImporterJPEG.bundle
The modification date has changed so the plugin will be loaded from disk.
Loading from disk...
This plugin was recognized by loader ba1058cd-0007-44e4-bf1a-0ef51307b979.

Loading /Applications/Adobe After Effects CC 2015/Adobe After Effects CC 2015.app/Contents/Plug-Ins/(MediaCore)/ImporterMP3.bundle
The modification date has changed so the plugin will be loaded from disk.
Loading from disk...
This plugin was recognized by loader ba1058cd-0007-44e4-bf1a-0ef51307b979.

Loading /Applications/Adobe After Effects CC 2015/Adobe After Effects CC 2015.app/Contents/Plug-Ins/(MediaCore)/ImporterMPEG.bundle
The modification date has changed so the plugin will be loaded from disk.
Loading from disk...
This plugin was recognized by loader ba1058cd-0007-44e4-bf1a-0ef51307b979.

Loading /Applications/Adobe After Effects CC 2015/Adobe After Effects CC 2015.app/Contents/Plug-Ins/(MediaCore)/ImporterMXF.bundle
The modification date has changed so the plugin will be loaded from disk.
Loading from disk...
This plugin was recognized by loader ba1058cd-0007-44e4-bf1a-0ef51307b979.

Loading /Applications/Adobe After Effects CC 2015/Adobe After Effects CC 2015.app/Contents/Plug-Ins/(MediaCore)/ImporterPhotoshopAE.bundle
The modification date has changed so the plugin will be loaded from disk.
Loading from disk...
This plugin was recognized by loader ba1058cd-0007-44e4-bf1a-0ef51307b979.

Loading /Applications/Adobe After Effects CC 2015/Adobe After Effects CC 2015.app/Contents/Plug-Ins/(MediaCore)/ImporterPNG.bundle
The modification date has changed so the plugin will be loaded from disk.
Loading from disk...
This plugin was recognized by loader ba1058cd-0007-44e4-bf1a-0ef51307b979.

Loading /Applications/Adobe After Effects CC 2015/Adobe After Effects CC 2015.app/Contents/Plug-Ins/(MediaCore)/ImporterQuickTime.bundle
The modification date has changed so the plugin will be loaded from disk.
Loading from disk...
This plugin was recognized by loader ba1058cd-0007-44e4-bf1a-0ef51307b979.

Loading /Applications/Adobe After Effects CC 2015/Adobe After Effects CC 2015.app/Contents/Plug-Ins/(MediaCore)/ImporterRED.bundle
The modification date has changed so the plugin will be loaded from disk.
Loading from disk...
This plugin was recognized by loader ba1058cd-0007-44e4-bf1a-0ef51307b979.

Loading /Applications/Adobe After Effects CC 2015/Adobe After Effects CC 2015.app/Contents/Plug-Ins/(MediaCore)/ImporterTarga.bundle
The modification date has changed so the plugin will be loaded from disk.
Loading from disk...
This plugin was recognized by loader ba1058cd-0007-44e4-bf1a-0ef51307b979.

Loading /Applications/Adobe After Effects CC 2015/Adobe After Effects CC 2015.app/Contents/Plug-Ins/(MediaCore)/ImporterTiff.bundle
The modification date has changed so the plugin will be loaded from disk.
Loading from disk...
This plugin was recognized by loader ba1058cd-0007-44e4-bf1a-0ef51307b979.

Loading /Applications/Adobe After Effects CC 2015/Adobe After Effects CC 2015.app/Contents/Plug-Ins/(MediaCore)/ImporterWave.bundle
The modification date has changed so the plugin will be loaded from disk.
Loading from disk...
This plugin was recognized by loader ba1058cd-0007-44e4-bf1a-0ef51307b979.

Loading /Applications/Adobe After Effects CC 2015/Adobe After Effects CC 2015.app/Contents/Plug-Ins/(MediaCore)/ImporterXDCAMEX.bundle
The modification date has changed so the plugin will be loaded from disk.
Loading from disk...
This plugin was recognized by loader ba1058cd-0007-44e4-bf1a-0ef51307b979.

Loading /Applications/Adobe After Effects CC 2015/Adobe After Effects CC 2015.app/Contents/Plug-Ins/(MediaCore)/TransmitDesktopAudio.bundle
The modification date has changed so the plugin will be loaded from disk.
Loading from disk...
This plugin was recognized by loader 6475d4e4-2ec3-4908-8665-df8e83b2ba4e.

Loading /Applications/Adobe After Effects CC 2015/Adobe After Effects CC 2015.app/Contents/Plug-Ins/(MediaCore)/TransmitDV.bundle
The modification date has changed so the plugin will be loaded from disk.
Loading from disk...
This plugin was recognized by loader 6475d4e4-2ec3-4908-8665-df8e83b2ba4e.

Loading /Applications/Adobe After Effects CC 2015/Adobe After Effects CC 2015.app/Contents/Plug-Ins/(MediaCore)/TransmitFullScreen.bundle
The modification date has changed so the plugin will be loaded from disk.
Loading from disk...
This plugin was recognized by loader 6475d4e4-2ec3-4908-8665-df8e83b2ba4e.

Loading from root path: /Library/Application Support/Adobe/Common/Plug-ins/7.0/MediaCore
Scanning for the following file types: *.bundle, *.plugin, *.prmp, *.vst

Scanning /Library/Application Support/Adobe/Common/Plug-ins/7.0/MediaCore and sub-directories

